<?xml version="1.0" encoding="UTF-8"?>
<!-- Generated by org.testng.reporters.JUnitXMLReporter -->
<testsuite ignored="2" hostname="0797-VSMSDN12" failures="0" tests="2" name="ChromeTest1" time="5.679" errors="0" timestamp="2025-01-20T12:03:02 IST">
  <testcase classname="DeploySmokeTestOnChrome.TC0003_Addgroup" name="addgroup" time="0.001">
    <skipped/>
  </testcase> <!-- addgroup -->
  <testcase classname="DeploySmokeTestOnChrome.TC0004_Assigntag" name="assigntag" time="0.0">
    <skipped/>
  </testcase> <!-- assigntag -->
  <testcase classname="BaseClasses.SetupDriver" name="@BeforeTest setUpDriver" time="0.0">
    <ignored/>
  </testcase> <!-- @BeforeTest setUpDriver -->
  <testcase classname="BaseClasses.SetupDriver" name="@AfterTest tearDown" time="0.0">
    <ignored/>
  </testcase> <!-- @AfterTest tearDown -->
</testsuite> <!-- ChromeTest1 -->
